22-01-14 20:59:28.081 :   task: classification
  gpu_ids: [0]
  n_channels: 3
  datasets:[
    train:[
      name: train_dataset
      dataroot: data/train/train
      dataloader_shuffle: True
      dataloader_num_workers: 8
      dataloader_batch_size: 8
      phase: train
      n_channels: 3
    ]
  ]
  path:[
    root: crop_classification
    pretrained_net: None
    task: crop_classification\classification
    log: crop_classification\classification
    options: crop_classification\classification\options
    models: crop_classification\classification\models
    images: crop_classification\classification\images
    strict_net: True
    pretrained_optimizer: None
  ]
  net:[
    net_type: resnet_lstm
    max_len: 144
    embedding_dim: 512
    num_features: 9
    class_n: 111
    dropout_rate: 0.1
  ]
  train:[
    lossfn_type: CrossEntropy
    lossfn_weight: 1
    scheduler_type: MultiStepLR
    scheduler_milestones: [1000000]
    scheduler_gamma: 0.5
    optimizer_type: adam
    optimizer_lr: 0.0001
    optimizer_reuse: False
  ]
  opt_path: options/train_resnet_lstm.yaml
  is_train: True
  num_gpu: 1
  amp: True
  resume: True

22-01-14 21:02:55.867 :   task: classification
  gpu_ids: [0]
  n_channels: 3
  datasets:[
    train:[
      name: train_dataset
      dataroot: data/train/train
      dataloader_shuffle: True
      dataloader_num_workers: 8
      dataloader_batch_size: 8
      phase: train
      n_channels: 3
    ]
  ]
  path:[
    root: crop_classification
    pretrained_net: None
    task: crop_classification\classification
    log: crop_classification\classification
    options: crop_classification\classification\options
    models: crop_classification\classification\models
    images: crop_classification\classification\images
    strict_net: True
    pretrained_optimizer: None
  ]
  net:[
    net_type: resnet_lstm
    max_len: 144
    embedding_dim: 512
    num_features: 9
    class_n: 111
    dropout_rate: 0.1
  ]
  train:[
    lossfn_type: CrossEntropy
    lossfn_weight: 1
    scheduler_type: MultiStepLR
    scheduler_milestones: [1000000]
    scheduler_gamma: 0.5
    optimizer_type: adam
    optimizer_lr: 0.0001
    optimizer_reuse: False
  ]
  opt_path: options/train_resnet_lstm.yaml
  is_train: True
  num_gpu: 1
  amp: True
  resume: True

22-01-14 21:03:57.165 :   task: classification
  gpu_ids: [0]
  n_channels: 3
  datasets:[
    train:[
      name: train_dataset
      dataroot: data/train/train
      dataloader_shuffle: True
      dataloader_num_workers: 8
      dataloader_batch_size: 8
      phase: train
      n_channels: 3
    ]
  ]
  path:[
    root: crop_classification
    pretrained_net: None
    task: crop_classification\classification
    log: crop_classification\classification
    options: crop_classification\classification\options
    models: crop_classification\classification\models
    images: crop_classification\classification\images
    strict_net: True
    pretrained_optimizer: None
  ]
  net:[
    net_type: resnet_lstm
    max_len: 144
    embedding_dim: 512
    num_features: 9
    class_n: 111
    dropout_rate: 0.1
  ]
  train:[
    lossfn_type: CrossEntropy
    lossfn_weight: 1
    scheduler_type: MultiStepLR
    scheduler_milestones: [1000000]
    scheduler_gamma: 0.5
    optimizer_type: adam
    optimizer_lr: 0.0001
    optimizer_reuse: False
  ]
  opt_path: options/train_resnet_lstm.yaml
  is_train: True
  num_gpu: 1
  amp: True
  resume: True

22-01-14 21:10:26.523 :   task: classification
  gpu_ids: [0]
  n_channels: 3
  datasets:[
    train:[
      name: train_dataset
      dataroot: data/train/train
      dataloader_shuffle: True
      dataloader_num_workers: 8
      dataloader_batch_size: 8
      phase: train
      n_channels: 3
    ]
    val:[
      name: val_dataset
      dataroot: data/train/val
      phase: val
      n_channels: 3
    ]
  ]
  path:[
    root: crop_classification
    pretrained_net: None
    task: crop_classification\classification
    log: crop_classification\classification
    options: crop_classification\classification\options
    models: crop_classification\classification\models
    images: crop_classification\classification\images
    strict_net: True
    pretrained_optimizer: None
  ]
  net:[
    net_type: resnet_lstm
    max_len: 144
    embedding_dim: 512
    num_features: 9
    class_n: 111
    dropout_rate: 0.1
  ]
  train:[
    lossfn_type: CrossEntropy
    lossfn_weight: 1
    scheduler_type: MultiStepLR
    scheduler_milestones: [1000000]
    scheduler_gamma: 0.5
    optimizer_type: adam
    optimizer_lr: 0.0001
    optimizer_reuse: False
  ]
  opt_path: options/train_resnet_lstm.yaml
  is_train: True
  num_gpu: 1
  amp: True
  resume: True

22-01-14 21:13:29.763 :   task: classification
  gpu_ids: [0]
  n_channels: 3
  datasets:[
    train:[
      name: train_dataset
      dataroot: data/train/train
      dataloader_shuffle: True
      dataloader_num_workers: 8
      dataloader_batch_size: 16
      phase: train
      n_channels: 3
    ]
    val:[
      name: val_dataset
      dataroot: data/train/val
      phase: val
      n_channels: 3
    ]
  ]
  path:[
    root: crop_classification
    pretrained_net: None
    task: crop_classification\classification
    log: crop_classification\classification
    options: crop_classification\classification\options
    models: crop_classification\classification\models
    images: crop_classification\classification\images
    strict_net: True
    pretrained_optimizer: None
  ]
  net:[
    net_type: resnet_lstm
    max_len: 144
    embedding_dim: 512
    num_features: 9
    class_n: 111
    dropout_rate: 0.1
  ]
  train:[
    lossfn_type: CrossEntropy
    lossfn_weight: 1
    scheduler_type: MultiStepLR
    scheduler_milestones: [1000000]
    scheduler_gamma: 0.5
    optimizer_type: adam
    optimizer_lr: 0.0001
    optimizer_reuse: False
  ]
  opt_path: options/train_resnet_lstm.yaml
  is_train: True
  num_gpu: 1
  amp: True
  resume: True

22-01-14 21:18:39.025 :   task: classification
  gpu_ids: [0]
  n_channels: 3
  datasets:[
    train:[
      name: train_dataset
      dataroot: data/train/train
      dataloader_shuffle: True
      dataloader_num_workers: 8
      dataloader_batch_size: 16
      phase: train
      n_channels: 3
    ]
    val:[
      name: val_dataset
      dataroot: data/train/val
      phase: val
      n_channels: 3
    ]
  ]
  path:[
    root: crop_classification
    pretrained_net: None
    task: crop_classification\classification
    log: crop_classification\classification
    options: crop_classification\classification\options
    models: crop_classification\classification\models
    images: crop_classification\classification\images
    strict_net: True
    pretrained_optimizer: None
  ]
  net:[
    net_type: resnet_lstm
    max_len: 144
    embedding_dim: 512
    num_features: 9
    class_n: 111
    dropout_rate: 0.1
  ]
  train:[
    lossfn_type: CrossEntropy
    lossfn_weight: 1
    scheduler_type: MultiStepLR
    scheduler_milestones: [1000000]
    scheduler_gamma: 0.5
    optimizer_type: adam
    optimizer_lr: 0.0001
    optimizer_reuse: False
  ]
  opt_path: options/train_resnet_lstm.yaml
  is_train: True
  num_gpu: 1
  amp: True
  resume: True

22-01-14 21:22:04.408 :   task: classification
  gpu_ids: [0]
  n_channels: 3
  datasets:[
    train:[
      name: train_dataset
      dataroot: data/train/train
      dataloader_shuffle: True
      dataloader_num_workers: 8
      dataloader_batch_size: 16
      phase: train
      n_channels: 3
    ]
    val:[
      name: val_dataset
      dataroot: data/train/val
      phase: val
      n_channels: 3
    ]
  ]
  path:[
    root: crop_classification
    pretrained_net: None
    task: crop_classification\classification
    log: crop_classification\classification
    options: crop_classification\classification\options
    models: crop_classification\classification\models
    images: crop_classification\classification\images
    strict_net: True
    pretrained_optimizer: None
  ]
  net:[
    net_type: resnet_lstm
    max_len: 144
    embedding_dim: 512
    num_features: 9
    class_n: 111
    dropout_rate: 0.1
  ]
  train:[
    lossfn_type: CrossEntropy
    lossfn_weight: 1
    scheduler_type: MultiStepLR
    scheduler_milestones: [1000000]
    scheduler_gamma: 0.5
    optimizer_type: adam
    optimizer_lr: 0.0001
    optimizer_reuse: False
  ]
  opt_path: options/train_resnet_lstm.yaml
  is_train: True
  num_gpu: 1
  amp: True
  resume: True

22-01-14 21:24:40.372 :   task: classification
  gpu_ids: [0]
  n_channels: 3
  datasets:[
    train:[
      name: train_dataset
      dataroot: data/train/train
      dataloader_shuffle: True
      dataloader_num_workers: 8
      dataloader_batch_size: 16
      phase: train
      n_channels: 3
    ]
    val:[
      name: val_dataset
      dataroot: data/train/val
      phase: val
      n_channels: 3
    ]
  ]
  path:[
    root: crop_classification
    pretrained_net: None
    task: crop_classification\classification
    log: crop_classification\classification
    options: crop_classification\classification\options
    models: crop_classification\classification\models
    images: crop_classification\classification\images
    strict_net: True
    pretrained_optimizer: None
  ]
  net:[
    net_type: resnet_lstm
    max_len: 144
    embedding_dim: 512
    num_features: 9
    class_n: 111
    dropout_rate: 0.1
  ]
  train:[
    lossfn_type: CrossEntropy
    lossfn_weight: 1
    scheduler_type: MultiStepLR
    scheduler_milestones: [1000000]
    scheduler_gamma: 0.5
    optimizer_type: adam
    optimizer_lr: 0.0001
    optimizer_reuse: False
  ]
  opt_path: options/train_resnet_lstm.yaml
  is_train: True
  num_gpu: 1
  amp: True
  resume: True

22-01-14 21:29:24.580 :   task: classification
  gpu_ids: [0]
  n_channels: 3
  datasets:[
    train:[
      name: train_dataset
      dataroot: data/train/train
      dataloader_shuffle: True
      dataloader_num_workers: 8
      dataloader_batch_size: 16
      phase: train
      n_channels: 3
    ]
    val:[
      name: val_dataset
      dataroot: data/train/val
      phase: val
      n_channels: 3
    ]
  ]
  path:[
    root: crop_classification
    pretrained_net: None
    task: crop_classification\classification
    log: crop_classification\classification
    options: crop_classification\classification\options
    models: crop_classification\classification\models
    images: crop_classification\classification\images
    strict_net: True
    pretrained_optimizer: None
  ]
  net:[
    net_type: resnet_lstm
    max_len: 144
    embedding_dim: 512
    num_features: 9
    class_n: 111
    dropout_rate: 0.1
  ]
  train:[
    lossfn_type: CrossEntropy
    lossfn_weight: 1
    scheduler_type: MultiStepLR
    scheduler_milestones: [1000000]
    scheduler_gamma: 0.5
    optimizer_type: adam
    optimizer_lr: 0.0001
    optimizer_reuse: False
  ]
  opt_path: options/train_resnet_lstm.yaml
  is_train: True
  num_gpu: 1
  amp: True
  resume: True

22-01-14 21:31:20.167 :   task: classification
  gpu_ids: [0]
  n_channels: 3
  datasets:[
    train:[
      name: train_dataset
      dataroot: data/train/train
      dataloader_shuffle: True
      dataloader_num_workers: 8
      dataloader_batch_size: 16
      phase: train
      n_channels: 3
    ]
    val:[
      name: val_dataset
      dataroot: data/train/val
      phase: val
      n_channels: 3
    ]
  ]
  path:[
    root: crop_classification
    pretrained_net: None
    task: crop_classification\classification
    log: crop_classification\classification
    options: crop_classification\classification\options
    models: crop_classification\classification\models
    images: crop_classification\classification\images
    strict_net: True
    pretrained_optimizer: None
  ]
  net:[
    net_type: resnet_lstm
    max_len: 144
    embedding_dim: 512
    num_features: 9
    class_n: 111
    dropout_rate: 0.1
  ]
  train:[
    lossfn_type: CrossEntropy
    lossfn_weight: 1
    scheduler_type: MultiStepLR
    scheduler_milestones: [1000000]
    scheduler_gamma: 0.5
    optimizer_type: adam
    optimizer_lr: 0.0001
    optimizer_reuse: False
  ]
  opt_path: options/train_resnet_lstm.yaml
  is_train: True
  num_gpu: 1
  amp: True
  resume: True

22-01-14 21:33:38.725 : Saving the model.
22-01-14 21:33:38.941 : epoch: 1/1000 train loss : 0.89189  f1:0.22632  valid f1:0.86909  best f1:0.86909
22-01-14 21:34:57.000 : Saving the model.
22-01-14 21:34:57.181 : epoch: 2/1000 train loss : 0.45892  f1:0.37963  valid f1:0.94335  best f1:0.94335
22-01-14 21:36:15.082 : Saving the model.
22-01-14 21:36:15.268 : epoch: 3/1000 train loss : 0.38985  f1:0.35375  valid f1:0.95654  best f1:0.95654
22-01-14 21:37:36.284 : epoch: 4/1000 train loss : 0.35012  f1:0.34955  valid f1:0.92770  best f1:0.95654
22-01-14 21:38:55.740 : epoch: 5/1000 train loss : 0.34376  f1:0.40072  valid f1:0.91796  best f1:0.95654
22-01-14 21:40:16.504 : Saving the model.
22-01-14 21:40:16.696 : epoch: 6/1000 train loss : 0.34372  f1:0.37843  valid f1:0.97989  best f1:0.97989
22-01-14 21:41:38.654 : Saving the model.
22-01-14 21:41:38.867 : epoch: 7/1000 train loss : 0.32470  f1:0.37896  valid f1:0.99513  best f1:0.99513
22-01-14 21:42:59.838 : epoch: 8/1000 train loss : 0.29574  f1:0.38358  valid f1:0.98890  best f1:0.99513
